<?xml version="1.0" encoding="UTF-8"?>
<!-- Generated by org.testng.reporters.JUnitXMLReporter -->
<testsuite ignored="0" hostname="DESKTOP-DJ28UVR" failures="0" tests="2" name="TestRunner - 3" time="0.27" errors="0" timestamp="2025-12-17T16:19:02 IST">
  <testcase classname="Sample.Demo2" name="test3" time="0.0">
    <skipped/>
  </testcase> <!-- test3 -->
  <testcase classname="Sample.Demo2" name="test4" time="0.0">
    <skipped/>
  </testcase> <!-- test4 -->
</testsuite> <!-- TestRunner - 3 -->
