<?xml version="1.0" encoding="UTF-8"?>
<!-- Generated by org.testng.reporters.JUnitXMLReporter -->
<testsuite ignored="18" hostname="DESKTOP-DJ28UVR" failures="0" tests="11" name="TestRunner - 2" time="210.025" errors="0" timestamp="2025-12-18T12:27:49 IST">
  <testcase classname="products.CreateProductsTest" name="createProducts" time="7.469"/>
  <testcase classname="Documents.CreateDocumnetTest" name="createDocumnet" time="6.513"/>
  <testcase classname="opportunities.DeleteOppurtunitiesTest" name="deleteOppurtunities" time="19.456"/>
  <testcase classname="trobleTickets.DeleteTicketsTest" name="deleteTickets" time="8.075"/>
  <testcase classname="calendar.CreateCalendarTest" name="createCalendarTest" time="8.3"/>
  <testcase classname="organisation.CreateOrgWithMandatoryFieldTest" name="createOrgWithMandatoryField" time="7.494"/>
  <testcase classname="organisation.CreateOrgWithIndustryDDTest" name="CreateOrgWithMandatoryFieldTest" time="8.192"/>
  <testcase classname="organisation.CreateOrgWithIndustryDDTest" name="createOrgWithIndustryDD" time="20.585"/>
  <testcase classname="contact.CreateContact_Test" name="createContact_Test" time="20.434"/>
  <testcase classname="opportunities.CreateOpportunitiesTest" name="createOpportunities" time="16.601"/>
  <testcase classname="trobleTickets.CreateTicketTest" name="createTicket" time="7.362"/>
  <testcase classname="genericUtilities.BaseClass" name="@AfterSuite disconnectDB" time="0.0">
    <ignored/>
  </testcase> <!-- @AfterSuite disconnectDB -->
  <testcase classname="genericUtilities.BaseClass" name="@AfterSuite disconnectDB" time="0.0">
    <ignored/>
  </testcase> <!-- @AfterSuite disconnectDB -->
  <testcase classname="genericUtilities.BaseClass" name="@AfterSuite disconnectDB" time="0.0">
    <ignored/>
  </testcase> <!-- @AfterSuite disconnectDB -->
  <testcase classname="genericUtilities.BaseClass" name="@AfterSuite disconnectDB" time="0.0">
    <ignored/>
  </testcase> <!-- @AfterSuite disconnectDB -->
  <testcase classname="genericUtilities.BaseClass" name="@AfterSuite disconnectDB" time="0.0">
    <ignored/>
  </testcase> <!-- @AfterSuite disconnectDB -->
  <testcase classname="genericUtilities.BaseClass" name="@BeforeSuite connectDB" time="0.0">
    <ignored/>
  </testcase> <!-- @BeforeSuite connectDB -->
  <testcase classname="genericUtilities.BaseClass" name="@BeforeSuite connectDB" time="0.0">
    <ignored/>
  </testcase> <!-- @BeforeSuite connectDB -->
  <testcase classname="genericUtilities.BaseClass" name="@BeforeSuite connectDB" time="0.0">
    <ignored/>
  </testcase> <!-- @BeforeSuite connectDB -->
  <testcase classname="genericUtilities.BaseClass" name="@AfterSuite disconnectDB" time="0.0">
    <ignored/>
  </testcase> <!-- @AfterSuite disconnectDB -->
  <testcase classname="genericUtilities.BaseClass" name="@BeforeSuite connectDB" time="0.0">
    <ignored/>
  </testcase> <!-- @BeforeSuite connectDB -->
  <testcase classname="genericUtilities.BaseClass" name="@AfterSuite disconnectDB" time="0.0">
    <ignored/>
  </testcase> <!-- @AfterSuite disconnectDB -->
  <testcase classname="genericUtilities.BaseClass" name="@BeforeSuite connectDB" time="0.0">
    <ignored/>
  </testcase> <!-- @BeforeSuite connectDB -->
  <testcase classname="genericUtilities.BaseClass" name="@AfterSuite disconnectDB" time="0.0">
    <ignored/>
  </testcase> <!-- @AfterSuite disconnectDB -->
  <testcase classname="genericUtilities.BaseClass" name="@BeforeSuite connectDB" time="0.0">
    <ignored/>
  </testcase> <!-- @BeforeSuite connectDB -->
  <testcase classname="genericUtilities.BaseClass" name="@AfterSuite disconnectDB" time="0.0">
    <ignored/>
  </testcase> <!-- @AfterSuite disconnectDB -->
  <testcase classname="genericUtilities.BaseClass" name="@BeforeSuite connectDB" time="0.0">
    <ignored/>
  </testcase> <!-- @BeforeSuite connectDB -->
  <testcase classname="genericUtilities.BaseClass" name="@BeforeSuite connectDB" time="0.0">
    <ignored/>
  </testcase> <!-- @BeforeSuite connectDB -->
  <testcase classname="genericUtilities.BaseClass" name="@BeforeSuite connectDB" time="0.0">
    <ignored/>
  </testcase> <!-- @BeforeSuite connectDB -->
</testsuite> <!-- TestRunner - 2 -->
