<?xml version="1.0" encoding="UTF-8"?>
<!-- Generated by org.testng.reporters.JUnitXMLReporter -->
<testsuite ignored="2" hostname="DESKTOP-DJ28UVR" failures="1" tests="2" name="TestRunner-5" time="51.015" errors="0" timestamp="2025-12-20T16:06:36 IST">
  <testcase classname="organisation.CreateOrgWithMandatoryFieldTest" name="createOrgWithMandatoryField" time="12.453"/>
  <testcase classname="organisation.CreateOrgWithIndustryDDTest" name="createOrgWithIndustryDD" time="24.873">
    <failure type="java.lang.AssertionError" message="expected [true] but found [false]">
      <![CDATA[java.lang.AssertionError: expected [true] but found [false]
at organisation.CreateOrgWithIndustryDDTest.createOrgWithIndustryDD(CreateOrgWithIndustryDDTest.java:85)
at java.base/java.util.ArrayList.forEach(ArrayList.java:1596)
at java.base/java.util.concurrent.FutureTask.run(FutureTask.java:317)
at java.base/java.util.concurrent.ThreadPoolExecutor.runWorker(ThreadPoolExecutor.java:1144)
at java.base/java.util.concurrent.ThreadPoolExecutor$Worker.run(ThreadPoolExecutor.java:642)
at java.base/java.lang.Thread.run(Thread.java:1583)
... Removed 19 stack frames]]>
    </failure>
  </testcase> <!-- createOrgWithIndustryDD -->
  <testcase classname="genericUtilities.BaseClass" name="@AfterSuite disconnectDB" time="0.0">
    <ignored/>
  </testcase> <!-- @AfterSuite disconnectDB -->
  <testcase classname="genericUtilities.BaseClass" name="@BeforeSuite connectDB" time="0.0">
    <ignored/>
  </testcase> <!-- @BeforeSuite connectDB -->
</testsuite> <!-- TestRunner-5 -->
