<?xml version="1.0" encoding="UTF-8"?>
<testng-results ignored="0" total="1" passed="1" failed="0" skipped="0">
  <reporter-output>
  </reporter-output>
  <suite started-at="2025-12-03T14:18:29 IST" name="Surefire suite" finished-at="2025-12-03T14:18:29 IST" duration-ms="51">
    <groups>
    </groups>
    <test started-at="2025-12-03T14:18:29 IST" name="Surefire test" finished-at="2025-12-03T14:18:29 IST" duration-ms="51">
      <class name="Advance_Selenium.ReadDataFromCmdLine">
        <test-method signature="cmdline()[pri:0, instance:Advance_Selenium.ReadDataFromCmdLine@4387b79e]" started-at="2025-12-03T14:18:29 IST" name="cmdline" finished-at="2025-12-03T14:18:29 IST" duration-ms="7" status="PASS">
          <reporter-output>
          </reporter-output>
        </test-method> <!-- cmdline -->
      </class> <!-- Advance_Selenium.ReadDataFromCmdLine -->
    </test> <!-- Surefire test -->
  </suite> <!-- Surefire suite -->
</testng-results>
