<?xml version="1.0" encoding="UTF-8"?>
<testng-results ignored="0" total="10" passed="8" failed="2" skipped="0">
  <reporter-output>
  </reporter-output>
  <suite started-at="2025-12-22T12:06:20 IST" name="Suite" finished-at="2025-12-22T12:09:11 IST" duration-ms="170476">
    <groups>
      <group name="regional_regression">
        <method signature="CreateContact_Test.createContact_Test()[pri:0, instance:contact.CreateContact_Test@24313fcc]" name="createContact_Test" class="contact.CreateContact_Test"/>
        <method signature="CreateOpportunitiesTest.createOpportunities()[pri:0, instance:opportunities.CreateOpportunitiesTest@7d20d0b]" name="createOpportunities" class="opportunities.CreateOpportunitiesTest"/>
        <method signature="DeleteOppurtunitiesTest.deleteOppurtunities()[pri:0, instance:opportunities.DeleteOppurtunitiesTest@544fa968]" name="deleteOppurtunities" class="opportunities.DeleteOppurtunitiesTest"/>
        <method signature="CreateOrgWithIndustryDDTest.createOrgWithIndustryDD()[pri:0, instance:organisation.CreateOrgWithIndustryDDTest@5e5d171f]" name="createOrgWithIndustryDD" class="organisation.CreateOrgWithIndustryDDTest"/>
      </group> <!-- regional_regression -->
    </groups>
    <test started-at="2025-12-22T12:06:20 IST" name="Test" finished-at="2025-12-22T12:09:11 IST" duration-ms="170476">
      <class name="opportunities.DeleteOppurtunitiesTest">
        <test-method is-config="true" signature="connectToBrowser()[pri:0, instance:opportunities.DeleteOppurtunitiesTest@544fa968]" started-at="2025-12-22T12:06:43 IST" name="connectToBrowser" finished-at="2025-12-22T12:06:45 IST" duration-ms="1282" status="PASS">
          <reporter-output>
          </reporter-output>
        </test-method> <!-- connectToBrowser -->
        <test-method is-config="true" signature="login()[pri:0, instance:opportunities.DeleteOppurtunitiesTest@544fa968]" started-at="2025-12-22T12:06:45 IST" name="login" finished-at="2025-12-22T12:06:46 IST" duration-ms="1596" status="PASS">
          <reporter-output>
          </reporter-output>
        </test-method> <!-- login -->
        <test-method signature="deleteOppurtunities()[pri:0, instance:opportunities.DeleteOppurtunitiesTest@544fa968]" started-at="2025-12-22T12:06:46 IST" name="deleteOppurtunities" finished-at="2025-12-22T12:07:19 IST" duration-ms="32642" status="FAIL">
          <exception class="org.openqa.selenium.NoSuchElementException">
            <message>
              <![CDATA[no such element: Unable to locate element: {"method":"css selector","selector":".dvHeaderText"}
  (Session info: chrome=143.0.7499.147)
For documentation on this error, please visit: https://www.selenium.dev/documentation/webdriver/troubleshooting/errors#no-such-element-exception
Build info: version: '4.34.0', revision: '707dcb4246*'
System info: os.name: 'Windows 11', os.arch: 'amd64', os.version: '10.0', java.version: '21.0.9'
Driver info: org.openqa.selenium.chrome.ChromeDriver
Command: [f6f44d961414eb48aa4b81393608610a, findElement {using=class name, value=dvHeaderText}]
Capabilities {acceptInsecureCerts: false, browserName: chrome, browserVersion: 143.0.7499.147, chrome: {chromedriverVersion: 143.0.7499.42 (24bdc8c48a0c..., userDataDir: C:\Users\hp\AppData\Local\T...}, fedcm:accounts: true, goog:chromeOptions: {debuggerAddress: localhost:51992}, goog:processID: 20876, networkConnectionEnabled: false, pageLoadStrategy: normal, platformName: windows, proxy: Proxy(), se:cdp: ws://localhost:51992/devtoo..., se:cdpVersion: 143.0.7499.147, setWindowRect: true, strictFileInteractability: false, timeouts: {implicit: 0, pageLoad: 300000, script: 30000}, unhandledPromptBehavior: dismiss and notify, webauthn:extension:credBlob: true, webauthn:extension:largeBlob: true, webauthn:extension:minPinLength: true, webauthn:extension:prf: true, webauthn:virtualAuthenticators: true}
Session ID: f6f44d961414eb48aa4b81393608610a]]>
            </message>
            <full-stacktrace>
              <![CDATA[org.openqa.selenium.NoSuchElementException: no such element: Unable to locate element: {"method":"css selector","selector":".dvHeaderText"}
  (Session info: chrome=143.0.7499.147)
For documentation on this error, please visit: https://www.selenium.dev/documentation/webdriver/troubleshooting/errors#no-such-element-exception
Build info: version: '4.34.0', revision: '707dcb4246*'
System info: os.name: 'Windows 11', os.arch: 'amd64', os.version: '10.0', java.version: '21.0.9'
Driver info: org.openqa.selenium.chrome.ChromeDriver
Command: [f6f44d961414eb48aa4b81393608610a, findElement {using=class name, value=dvHeaderText}]
Capabilities {acceptInsecureCerts: false, browserName: chrome, browserVersion: 143.0.7499.147, chrome: {chromedriverVersion: 143.0.7499.42 (24bdc8c48a0c..., userDataDir: C:\Users\hp\AppData\Local\T...}, fedcm:accounts: true, goog:chromeOptions: {debuggerAddress: localhost:51992}, goog:processID: 20876, networkConnectionEnabled: false, pageLoadStrategy: normal, platformName: windows, proxy: Proxy(), se:cdp: ws://localhost:51992/devtoo..., se:cdpVersion: 143.0.7499.147, setWindowRect: true, strictFileInteractability: false, timeouts: {implicit: 0, pageLoad: 300000, script: 30000}, unhandledPromptBehavior: dismiss and notify, webauthn:extension:credBlob: true, webauthn:extension:largeBlob: true, webauthn:extension:minPinLength: true, webauthn:extension:prf: true, webauthn:virtualAuthenticators: true}
Session ID: f6f44d961414eb48aa4b81393608610a
at java.base/jdk.internal.reflect.DirectConstructorHandleAccessor.newInstance(DirectConstructorHandleAccessor.java:62)
at java.base/java.lang.reflect.Constructor.newInstanceWithCaller(Constructor.java:502)
at java.base/java.lang.reflect.Constructor.newInstance(Constructor.java:486)
at org.openqa.selenium.remote.ErrorCodec.decode(ErrorCodec.java:167)
at org.openqa.selenium.remote.codec.w3c.W3CHttpResponseCodec.decode(W3CHttpResponseCodec.java:138)
at org.openqa.selenium.remote.codec.w3c.W3CHttpResponseCodec.decode(W3CHttpResponseCodec.java:50)
at org.openqa.selenium.remote.HttpCommandExecutor.execute(HttpCommandExecutor.java:215)
at org.openqa.selenium.remote.service.DriverCommandExecutor.invokeExecute(DriverCommandExecutor.java:216)
at org.openqa.selenium.remote.service.DriverCommandExecutor.execute(DriverCommandExecutor.java:174)
at org.openqa.selenium.remote.RemoteWebDriver.execute(RemoteWebDriver.java:544)
at org.openqa.selenium.remote.ElementLocation$ElementFinder$2.findElement(ElementLocation.java:165)
at org.openqa.selenium.remote.ElementLocation.findElement(ElementLocation.java:66)
at org.openqa.selenium.remote.RemoteWebDriver.findElement(RemoteWebDriver.java:367)
at org.openqa.selenium.remote.RemoteWebDriver.findElement(RemoteWebDriver.java:361)
at opportunities.DeleteOppurtunitiesTest.deleteOppurtunities(DeleteOppurtunitiesTest.java:75)
at java.base/jdk.internal.reflect.DirectMethodHandleAccessor.invoke(DirectMethodHandleAccessor.java:103)
at java.base/java.lang.reflect.Method.invoke(Method.java:580)
at org.testng.internal.invokers.MethodInvocationHelper.invokeMethod(MethodInvocationHelper.java:141)
at org.testng.internal.invokers.TestInvoker.invokeMethod(TestInvoker.java:687)
at org.testng.internal.invokers.TestInvoker.invokeTestMethod(TestInvoker.java:230)
at org.testng.internal.invokers.MethodRunner.runInSequence(MethodRunner.java:63)
at org.testng.internal.invokers.TestInvoker$MethodInvocationAgent.invoke(TestInvoker.java:995)
at org.testng.internal.invokers.TestInvoker.invokeTestMethods(TestInvoker.java:203)
at org.testng.internal.invokers.TestMethodWorker.invokeTestMethods(TestMethodWorker.java:154)
at org.testng.internal.invokers.TestMethodWorker.run(TestMethodWorker.java:134)
at java.base/java.util.ArrayList.forEach(ArrayList.java:1596)
at org.testng.TestRunner.privateRun(TestRunner.java:741)
at org.testng.TestRunner.run(TestRunner.java:616)
at org.testng.SuiteRunner.runTest(SuiteRunner.java:421)
at org.testng.SuiteRunner$SuiteWorker.run(SuiteRunner.java:463)
at org.testng.internal.thread.ThreadUtil.lambda$execute$0(ThreadUtil.java:64)
at java.base/java.util.concurrent.FutureTask.run(FutureTask.java:317)
at java.base/java.util.concurrent.ThreadPoolExecutor.runWorker(ThreadPoolExecutor.java:1144)
at java.base/java.util.concurrent.ThreadPoolExecutor$Worker.run(ThreadPoolExecutor.java:642)
at java.base/java.lang.Thread.run(Thread.java:1583)
]]>
            </full-stacktrace>
          </exception> <!-- org.openqa.selenium.NoSuchElementException -->
          <reporter-output>
          </reporter-output>
        </test-method> <!-- deleteOppurtunities -->
        <test-method is-config="true" signature="signout()[pri:0, instance:opportunities.DeleteOppurtunitiesTest@544fa968]" started-at="2025-12-22T12:07:19 IST" name="signout" finished-at="2025-12-22T12:07:20 IST" duration-ms="1127" status="PASS">
          <reporter-output>
          </reporter-output>
        </test-method> <!-- signout -->
        <test-method is-config="true" signature="closeBrowser()[pri:0, instance:opportunities.DeleteOppurtunitiesTest@544fa968]" started-at="2025-12-22T12:07:20 IST" name="closeBrowser" finished-at="2025-12-22T12:07:20 IST" duration-ms="168" status="PASS">
          <reporter-output>
          </reporter-output>
        </test-method> <!-- closeBrowser -->
      </class> <!-- opportunities.DeleteOppurtunitiesTest -->
      <class name="trobleTickets.DeleteTicketsTest">
        <test-method is-config="true" signature="connectToBrowser()[pri:0, instance:trobleTickets.DeleteTicketsTest@247bddad]" started-at="2025-12-22T12:07:20 IST" name="connectToBrowser" finished-at="2025-12-22T12:07:22 IST" duration-ms="1471" status="PASS">
          <reporter-output>
          </reporter-output>
        </test-method> <!-- connectToBrowser -->
        <test-method is-config="true" signature="login()[pri:0, instance:trobleTickets.DeleteTicketsTest@247bddad]" started-at="2025-12-22T12:07:22 IST" name="login" finished-at="2025-12-22T12:07:23 IST" duration-ms="1601" status="PASS">
          <reporter-output>
          </reporter-output>
        </test-method> <!-- login -->
        <test-method signature="deleteTickets()[pri:0, instance:trobleTickets.DeleteTicketsTest@247bddad]" started-at="2025-12-22T12:07:23 IST" name="deleteTickets" finished-at="2025-12-22T12:07:31 IST" duration-ms="7373" status="PASS">
          <reporter-output>
          </reporter-output>
        </test-method> <!-- deleteTickets -->
        <test-method is-config="true" signature="signout()[pri:0, instance:trobleTickets.DeleteTicketsTest@247bddad]" started-at="2025-12-22T12:07:31 IST" name="signout" finished-at="2025-12-22T12:07:33 IST" duration-ms="2432" status="PASS">
          <reporter-output>
          </reporter-output>
        </test-method> <!-- signout -->
        <test-method is-config="true" signature="closeBrowser()[pri:0, instance:trobleTickets.DeleteTicketsTest@247bddad]" started-at="2025-12-22T12:07:33 IST" name="closeBrowser" finished-at="2025-12-22T12:07:33 IST" duration-ms="130" status="PASS">
          <reporter-output>
          </reporter-output>
        </test-method> <!-- closeBrowser -->
      </class> <!-- trobleTickets.DeleteTicketsTest -->
      <class name="organisation.CreateOrgWithMandatoryFieldTest">
        <test-method is-config="true" signature="connectToBrowser()[pri:0, instance:organisation.CreateOrgWithMandatoryFieldTest@7770f470]" started-at="2025-12-22T12:07:46 IST" name="connectToBrowser" finished-at="2025-12-22T12:07:48 IST" duration-ms="1405" status="PASS">
          <reporter-output>
          </reporter-output>
        </test-method> <!-- connectToBrowser -->
        <test-method is-config="true" signature="login()[pri:0, instance:organisation.CreateOrgWithMandatoryFieldTest@7770f470]" started-at="2025-12-22T12:07:48 IST" name="login" finished-at="2025-12-22T12:07:48 IST" duration-ms="154" status="PASS">
          <reporter-output>
          </reporter-output>
        </test-method> <!-- login -->
        <test-method signature="createOrgWithMandatoryField()[pri:0, instance:organisation.CreateOrgWithMandatoryFieldTest@7770f470]" started-at="2025-12-22T12:07:48 IST" name="createOrgWithMandatoryField" finished-at="2025-12-22T12:07:56 IST" duration-ms="7756" status="PASS">
          <reporter-output>
          </reporter-output>
        </test-method> <!-- createOrgWithMandatoryField -->
        <test-method is-config="true" signature="signout()[pri:0, instance:organisation.CreateOrgWithMandatoryFieldTest@7770f470]" started-at="2025-12-22T12:07:56 IST" name="signout" finished-at="2025-12-22T12:07:57 IST" duration-ms="835" status="PASS">
          <reporter-output>
          </reporter-output>
        </test-method> <!-- signout -->
        <test-method is-config="true" signature="closeBrowser()[pri:0, instance:organisation.CreateOrgWithMandatoryFieldTest@7770f470]" started-at="2025-12-22T12:07:57 IST" name="closeBrowser" finished-at="2025-12-22T12:07:57 IST" duration-ms="173" status="PASS">
          <reporter-output>
          </reporter-output>
        </test-method> <!-- closeBrowser -->
      </class> <!-- organisation.CreateOrgWithMandatoryFieldTest -->
      <class name="calendar.CreateCalendarTest">
        <test-method is-config="true" signature="connectToBrowser()[pri:0, instance:calendar.CreateCalendarTest@d35dea7]" started-at="2025-12-22T12:07:33 IST" name="connectToBrowser" finished-at="2025-12-22T12:07:35 IST" duration-ms="1368" status="PASS">
          <reporter-output>
          </reporter-output>
        </test-method> <!-- connectToBrowser -->
        <test-method is-config="true" signature="login()[pri:0, instance:calendar.CreateCalendarTest@d35dea7]" started-at="2025-12-22T12:07:35 IST" name="login" finished-at="2025-12-22T12:07:35 IST" duration-ms="152" status="PASS">
          <reporter-output>
          </reporter-output>
        </test-method> <!-- login -->
        <test-method signature="createCalendarTest()[pri:0, instance:calendar.CreateCalendarTest@d35dea7]" started-at="2025-12-22T12:07:35 IST" name="createCalendarTest" finished-at="2025-12-22T12:07:45 IST" duration-ms="10647" status="PASS">
          <reporter-output>
          </reporter-output>
        </test-method> <!-- createCalendarTest -->
        <test-method is-config="true" signature="signout()[pri:0, instance:calendar.CreateCalendarTest@d35dea7]" started-at="2025-12-22T12:07:45 IST" name="signout" finished-at="2025-12-22T12:07:46 IST" duration-ms="834" status="PASS">
          <reporter-output>
          </reporter-output>
        </test-method> <!-- signout -->
        <test-method is-config="true" signature="closeBrowser()[pri:0, instance:calendar.CreateCalendarTest@d35dea7]" started-at="2025-12-22T12:07:46 IST" name="closeBrowser" finished-at="2025-12-22T12:07:46 IST" duration-ms="151" status="PASS">
          <reporter-output>
          </reporter-output>
        </test-method> <!-- closeBrowser -->
      </class> <!-- calendar.CreateCalendarTest -->
      <class name="contact.CreateContact_Test">
        <test-method is-config="true" signature="connectToBrowser()[pri:0, instance:contact.CreateContact_Test@24313fcc]" started-at="2025-12-22T12:08:18 IST" name="connectToBrowser" finished-at="2025-12-22T12:08:20 IST" duration-ms="1394" status="PASS">
          <reporter-output>
          </reporter-output>
        </test-method> <!-- connectToBrowser -->
        <test-method is-config="true" signature="login()[pri:0, instance:contact.CreateContact_Test@24313fcc]" started-at="2025-12-22T12:08:20 IST" name="login" finished-at="2025-12-22T12:08:20 IST" duration-ms="147" status="PASS">
          <reporter-output>
          </reporter-output>
        </test-method> <!-- login -->
        <test-method signature="createContact_Test()[pri:0, instance:contact.CreateContact_Test@24313fcc]" started-at="2025-12-22T12:08:20 IST" name="createContact_Test" finished-at="2025-12-22T12:08:38 IST" duration-ms="18117" status="PASS">
          <reporter-output>
          </reporter-output>
        </test-method> <!-- createContact_Test -->
        <test-method is-config="true" signature="signout()[pri:0, instance:contact.CreateContact_Test@24313fcc]" started-at="2025-12-22T12:08:38 IST" name="signout" finished-at="2025-12-22T12:08:39 IST" duration-ms="798" status="PASS">
          <reporter-output>
          </reporter-output>
        </test-method> <!-- signout -->
        <test-method is-config="true" signature="closeBrowser()[pri:0, instance:contact.CreateContact_Test@24313fcc]" started-at="2025-12-22T12:08:39 IST" name="closeBrowser" finished-at="2025-12-22T12:08:39 IST" duration-ms="217" status="PASS">
          <reporter-output>
          </reporter-output>
        </test-method> <!-- closeBrowser -->
      </class> <!-- contact.CreateContact_Test -->
      <class name="Documents.CreateDocumnetTest">
        <test-method is-config="true" signature="connectToBrowser()[pri:0, instance:Documents.CreateDocumnetTest@3bd82cf5]" started-at="2025-12-22T12:06:31 IST" name="connectToBrowser" finished-at="2025-12-22T12:06:32 IST" duration-ms="1376" status="PASS">
          <reporter-output>
          </reporter-output>
        </test-method> <!-- connectToBrowser -->
        <test-method is-config="true" signature="login()[pri:0, instance:Documents.CreateDocumnetTest@3bd82cf5]" started-at="2025-12-22T12:06:32 IST" name="login" finished-at="2025-12-22T12:06:34 IST" duration-ms="1637" status="PASS">
          <reporter-output>
          </reporter-output>
        </test-method> <!-- login -->
        <test-method signature="createDocumnet()[pri:0, instance:Documents.CreateDocumnetTest@3bd82cf5]" started-at="2025-12-22T12:06:34 IST" name="createDocumnet" finished-at="2025-12-22T12:06:42 IST" duration-ms="8419" status="PASS">
          <reporter-output>
          </reporter-output>
        </test-method> <!-- createDocumnet -->
        <test-method is-config="true" signature="signout()[pri:0, instance:Documents.CreateDocumnetTest@3bd82cf5]" started-at="2025-12-22T12:06:42 IST" name="signout" finished-at="2025-12-22T12:06:43 IST" duration-ms="762" status="PASS">
          <reporter-output>
          </reporter-output>
        </test-method> <!-- signout -->
        <test-method is-config="true" signature="closeBrowser()[pri:0, instance:Documents.CreateDocumnetTest@3bd82cf5]" started-at="2025-12-22T12:06:43 IST" name="closeBrowser" finished-at="2025-12-22T12:06:43 IST" duration-ms="156" status="PASS">
          <reporter-output>
          </reporter-output>
        </test-method> <!-- closeBrowser -->
      </class> <!-- Documents.CreateDocumnetTest -->
      <class name="organisation.CreateOrgWithIndustryDDTest">
        <test-method is-config="true" signature="connectToBrowser()[pri:0, instance:organisation.CreateOrgWithIndustryDDTest@5e5d171f]" started-at="2025-12-22T12:07:57 IST" name="connectToBrowser" finished-at="2025-12-22T12:07:58 IST" duration-ms="1421" status="PASS">
          <reporter-output>
          </reporter-output>
        </test-method> <!-- connectToBrowser -->
        <test-method is-config="true" signature="login()[pri:0, instance:organisation.CreateOrgWithIndustryDDTest@5e5d171f]" started-at="2025-12-22T12:07:58 IST" name="login" finished-at="2025-12-22T12:07:58 IST" duration-ms="162" status="PASS">
          <reporter-output>
          </reporter-output>
        </test-method> <!-- login -->
        <test-method signature="createOrgWithIndustryDD()[pri:0, instance:organisation.CreateOrgWithIndustryDDTest@5e5d171f]" started-at="2025-12-22T12:07:58 IST" name="createOrgWithIndustryDD" finished-at="2025-12-22T12:08:17 IST" duration-ms="18801" status="FAIL">
          <exception class="java.lang.AssertionError">
            <message>
              <![CDATA[expected [true] but found [false]]]>
            </message>
            <full-stacktrace>
              <![CDATA[java.lang.AssertionError: expected [true] but found [false]
at org.testng.Assert.fail(Assert.java:111)
at org.testng.Assert.failNotEquals(Assert.java:1590)
at org.testng.Assert.assertTrue(Assert.java:57)
at org.testng.Assert.assertTrue(Assert.java:67)
at organisation.CreateOrgWithIndustryDDTest.createOrgWithIndustryDD(CreateOrgWithIndustryDDTest.java:85)
at java.base/jdk.internal.reflect.DirectMethodHandleAccessor.invoke(DirectMethodHandleAccessor.java:103)
at java.base/java.lang.reflect.Method.invoke(Method.java:580)
at org.testng.internal.invokers.MethodInvocationHelper.invokeMethod(MethodInvocationHelper.java:141)
at org.testng.internal.invokers.TestInvoker.invokeMethod(TestInvoker.java:687)
at org.testng.internal.invokers.TestInvoker.invokeTestMethod(TestInvoker.java:230)
at org.testng.internal.invokers.MethodRunner.runInSequence(MethodRunner.java:63)
at org.testng.internal.invokers.TestInvoker$MethodInvocationAgent.invoke(TestInvoker.java:995)
at org.testng.internal.invokers.TestInvoker.invokeTestMethods(TestInvoker.java:203)
at org.testng.internal.invokers.TestMethodWorker.invokeTestMethods(TestMethodWorker.java:154)
at org.testng.internal.invokers.TestMethodWorker.run(TestMethodWorker.java:134)
at java.base/java.util.ArrayList.forEach(ArrayList.java:1596)
at org.testng.TestRunner.privateRun(TestRunner.java:741)
at org.testng.TestRunner.run(TestRunner.java:616)
at org.testng.SuiteRunner.runTest(SuiteRunner.java:421)
at org.testng.SuiteRunner$SuiteWorker.run(SuiteRunner.java:463)
at org.testng.internal.thread.ThreadUtil.lambda$execute$0(ThreadUtil.java:64)
at java.base/java.util.concurrent.FutureTask.run(FutureTask.java:317)
at java.base/java.util.concurrent.ThreadPoolExecutor.runWorker(ThreadPoolExecutor.java:1144)
at java.base/java.util.concurrent.ThreadPoolExecutor$Worker.run(ThreadPoolExecutor.java:642)
at java.base/java.lang.Thread.run(Thread.java:1583)
]]>
            </full-stacktrace>
          </exception> <!-- java.lang.AssertionError -->
          <reporter-output>
          </reporter-output>
        </test-method> <!-- createOrgWithIndustryDD -->
        <test-method is-config="true" signature="signout()[pri:0, instance:organisation.CreateOrgWithIndustryDDTest@5e5d171f]" started-at="2025-12-22T12:08:17 IST" name="signout" finished-at="2025-12-22T12:08:18 IST" duration-ms="817" status="PASS">
          <reporter-output>
          </reporter-output>
        </test-method> <!-- signout -->
        <test-method is-config="true" signature="closeBrowser()[pri:0, instance:organisation.CreateOrgWithIndustryDDTest@5e5d171f]" started-at="2025-12-22T12:08:18 IST" name="closeBrowser" finished-at="2025-12-22T12:08:18 IST" duration-ms="156" status="PASS">
          <reporter-output>
          </reporter-output>
        </test-method> <!-- closeBrowser -->
      </class> <!-- organisation.CreateOrgWithIndustryDDTest -->
      <class name="products.CreateProductsTest">
        <test-method is-config="true" signature="connectDB()[pri:0, instance:products.CreateProductsTest@7817fd62]" started-at="2025-12-22T12:06:20 IST" name="connectDB" finished-at="2025-12-22T12:06:20 IST" duration-ms="16" status="PASS">
          <reporter-output>
          </reporter-output>
        </test-method> <!-- connectDB -->
        <test-method is-config="true" signature="connectToBrowser()[pri:0, instance:products.CreateProductsTest@7817fd62]" started-at="2025-12-22T12:06:21 IST" name="connectToBrowser" finished-at="2025-12-22T12:06:23 IST" duration-ms="1880" status="PASS">
          <reporter-output>
          </reporter-output>
        </test-method> <!-- connectToBrowser -->
        <test-method is-config="true" signature="login()[pri:0, instance:products.CreateProductsTest@7817fd62]" started-at="2025-12-22T12:06:23 IST" name="login" finished-at="2025-12-22T12:06:23 IST" duration-ms="190" status="PASS">
          <reporter-output>
          </reporter-output>
        </test-method> <!-- login -->
        <test-method signature="createProducts()[pri:0, instance:products.CreateProductsTest@7817fd62]" started-at="2025-12-22T12:06:23 IST" name="createProducts" finished-at="2025-12-22T12:06:30 IST" duration-ms="7275" status="PASS">
          <reporter-output>
          </reporter-output>
        </test-method> <!-- createProducts -->
        <test-method is-config="true" signature="signout()[pri:0, instance:products.CreateProductsTest@7817fd62]" started-at="2025-12-22T12:06:30 IST" name="signout" finished-at="2025-12-22T12:06:31 IST" duration-ms="755" status="PASS">
          <reporter-output>
          </reporter-output>
        </test-method> <!-- signout -->
        <test-method is-config="true" signature="closeBrowser()[pri:0, instance:products.CreateProductsTest@7817fd62]" started-at="2025-12-22T12:06:31 IST" name="closeBrowser" finished-at="2025-12-22T12:06:31 IST" duration-ms="153" status="PASS">
          <reporter-output>
          </reporter-output>
        </test-method> <!-- closeBrowser -->
        <test-method is-config="true" signature="disconnectDB()[pri:0, instance:products.CreateProductsTest@7817fd62]" started-at="2025-12-22T12:09:11 IST" name="disconnectDB" finished-at="2025-12-22T12:09:11 IST" duration-ms="0" status="PASS">
          <reporter-output>
          </reporter-output>
        </test-method> <!-- disconnectDB -->
      </class> <!-- products.CreateProductsTest -->
      <class name="trobleTickets.CreateTicketTest">
        <test-method is-config="true" signature="connectToBrowser()[pri:0, instance:trobleTickets.CreateTicketTest@77f1baf5]" started-at="2025-12-22T12:08:59 IST" name="connectToBrowser" finished-at="2025-12-22T12:09:02 IST" duration-ms="2521" status="PASS">
          <reporter-output>
          </reporter-output>
        </test-method> <!-- connectToBrowser -->
        <test-method is-config="true" signature="login()[pri:0, instance:trobleTickets.CreateTicketTest@77f1baf5]" started-at="2025-12-22T12:09:02 IST" name="login" finished-at="2025-12-22T12:09:02 IST" duration-ms="157" status="PASS">
          <reporter-output>
          </reporter-output>
        </test-method> <!-- login -->
        <test-method signature="createTicket()[pri:0, instance:trobleTickets.CreateTicketTest@77f1baf5]" started-at="2025-12-22T12:09:02 IST" name="createTicket" finished-at="2025-12-22T12:09:10 IST" duration-ms="7742" status="PASS">
          <reporter-output>
          </reporter-output>
        </test-method> <!-- createTicket -->
        <test-method is-config="true" signature="signout()[pri:0, instance:trobleTickets.CreateTicketTest@77f1baf5]" started-at="2025-12-22T12:09:10 IST" name="signout" finished-at="2025-12-22T12:09:11 IST" duration-ms="843" status="PASS">
          <reporter-output>
          </reporter-output>
        </test-method> <!-- signout -->
        <test-method is-config="true" signature="closeBrowser()[pri:0, instance:trobleTickets.CreateTicketTest@77f1baf5]" started-at="2025-12-22T12:09:11 IST" name="closeBrowser" finished-at="2025-12-22T12:09:11 IST" duration-ms="160" status="PASS">
          <reporter-output>
          </reporter-output>
        </test-method> <!-- closeBrowser -->
      </class> <!-- trobleTickets.CreateTicketTest -->
      <class name="opportunities.CreateOpportunitiesTest">
        <test-method is-config="true" signature="connectToBrowser()[pri:0, instance:opportunities.CreateOpportunitiesTest@7d20d0b]" started-at="2025-12-22T12:08:39 IST" name="connectToBrowser" finished-at="2025-12-22T12:08:40 IST" duration-ms="1333" status="PASS">
          <reporter-output>
          </reporter-output>
        </test-method> <!-- connectToBrowser -->
        <test-method is-config="true" signature="login()[pri:0, instance:opportunities.CreateOpportunitiesTest@7d20d0b]" started-at="2025-12-22T12:08:40 IST" name="login" finished-at="2025-12-22T12:08:42 IST" duration-ms="1678" status="PASS">
          <reporter-output>
          </reporter-output>
        </test-method> <!-- login -->
        <test-method signature="createOpportunities()[pri:0, instance:opportunities.CreateOpportunitiesTest@7d20d0b]" started-at="2025-12-22T12:08:42 IST" name="createOpportunities" finished-at="2025-12-22T12:08:58 IST" duration-ms="16426" status="PASS">
          <reporter-output>
          </reporter-output>
        </test-method> <!-- createOpportunities -->
        <test-method is-config="true" signature="signout()[pri:0, instance:opportunities.CreateOpportunitiesTest@7d20d0b]" started-at="2025-12-22T12:08:58 IST" name="signout" finished-at="2025-12-22T12:08:59 IST" duration-ms="912" status="PASS">
          <reporter-output>
          </reporter-output>
        </test-method> <!-- signout -->
        <test-method is-config="true" signature="closeBrowser()[pri:0, instance:opportunities.CreateOpportunitiesTest@7d20d0b]" started-at="2025-12-22T12:08:59 IST" name="closeBrowser" finished-at="2025-12-22T12:08:59 IST" duration-ms="168" status="PASS">
          <reporter-output>
          </reporter-output>
        </test-method> <!-- closeBrowser -->
      </class> <!-- opportunities.CreateOpportunitiesTest -->
    </test> <!-- Test -->
  </suite> <!-- Suite -->
</testng-results>
