<?xml version="1.0" encoding="UTF-8"?>
<!-- Generated by org.testng.reporters.JUnitReportReporter -->
<testsuite hostname="DESKTOP-DJ28UVR" failures="0" tests="4" name="DataProvider.DataProvider_CarRun_Test" time="0.014" errors="0" timestamp="2025-12-16T13:00:50 IST" skipped="0">
  <testcase classname="DataProvider.DataProvider_CarRun_Test" name="execute" time="0.010"/>
  <testcase classname="DataProvider.DataProvider_CarRun_Test" name="execute" time="0.001"/>
  <testcase classname="DataProvider.DataProvider_CarRun_Test" name="execute" time="0.002"/>
  <testcase classname="DataProvider.DataProvider_CarRun_Test" name="execute" time="0.001"/>
</testsuite> <!-- DataProvider.DataProvider_CarRun_Test -->
