<?xml version="1.0" encoding="UTF-8"?>
<!-- Generated by org.testng.reporters.JUnitReportReporter -->
<testsuite hostname="DESKTOP-DJ28UVR" failures="0" tests="5" name="Sample.Sample_Test" time="0.022" errors="0" timestamp="2025-12-19T17:49:53 IST" skipped="0">
  <testcase classname="Sample.Sample_Test" name="sample_m3" time="0.002"/>
  <testcase classname="Sample.Sample_Test" name="sample_m1" time="0.013"/>
  <testcase classname="Sample.Sample_Test" name="sample_m4" time="0.002"/>
  <testcase classname="Sample.Sample_Test" name="sample_m2" time="0.003"/>
  <testcase classname="Sample.Sample_Test" name="sample_m4" time="0.002"/>
</testsuite> <!-- Sample.Sample_Test -->
