<?xml version="1.0" encoding="UTF-8"?>
<!-- Generated by org.testng.reporters.JUnitReportReporter -->
<testsuite hostname="DESKTOP-DJ28UVR" failures="0" tests="3" name="Sample.Data_provider" time="0.019" errors="0" timestamp="2025-12-15T18:16:27 IST" skipped="0">
  <testcase classname="Sample.Data_provider" name="getdata" time="0.002"/>
  <testcase classname="Sample.Data_provider" name="getdata" time="0.015"/>
  <testcase classname="Sample.Data_provider" name="getdata" time="0.002"/>
</testsuite> <!-- Sample.Data_provider -->
