<?xml version="1.0" encoding="UTF-8"?>
<!-- Generated by org.testng.reporters.JUnitReportReporter -->
<testsuite hostname="DESKTOP-DJ28UVR" failures="0" tests="4" name="Sample.Sample_depen_prior" time="0.023" errors="0" timestamp="2025-12-21T14:12:55 IST" skipped="0">
  <testcase classname="Sample.Sample_depen_prior" name="m4" time="0.013"/>
  <testcase classname="Sample.Sample_depen_prior" name="m1" time="0.003"/>
  <testcase classname="Sample.Sample_depen_prior" name="m2" time="0.004"/>
  <testcase classname="Sample.Sample_depen_prior" name="m3" time="0.003"/>
</testsuite> <!-- Sample.Sample_depen_prior -->
