<?xml version="1.0" encoding="UTF-8"?>
<!-- Generated by org.testng.reporters.JUnitReportReporter -->
<testsuite hostname="DESKTOP-DJ28UVR" failures="0" tests="2" name="DataProvider.DataProvider_Vtiger" time="12.698" errors="0" timestamp="2025-12-16T10:06:30 IST" skipped="0">
  <testcase classname="DataProvider.DataProvider_Vtiger" name="getdata" time="2.010"/>
  <testcase classname="DataProvider.DataProvider_Vtiger" name="getdata" time="10.688"/>
</testsuite> <!-- DataProvider.DataProvider_Vtiger -->
