<?xml version="1.0" encoding="UTF-8"?>
<!-- Generated by org.testng.reporters.JUnitReportReporter -->
<testsuite hostname="DESKTOP-DJ28UVR" failures="0" tests="5" name="DataProvider.DataProvider_Excut_Test" time="0.030" errors="0" timestamp="2025-12-16T10:53:02 IST" skipped="0">
  <testcase classname="DataProvider.DataProvider_Excut_Test" name="product_getdata" time="0.002"/>
  <testcase classname="DataProvider.DataProvider_Excut_Test" name="product_getdata" time="0.001"/>
  <testcase classname="DataProvider.DataProvider_Excut_Test" name="login_getdata" time="0.002"/>
  <testcase classname="DataProvider.DataProvider_Excut_Test" name="login_getdata" time="0.016"/>
  <testcase classname="DataProvider.DataProvider_Excut_Test" name="product_getdata" time="0.009"/>
</testsuite> <!-- DataProvider.DataProvider_Excut_Test -->
